TGT /usr/local/share/man/man1/

doc/ffmpeg.1
doc/ffprobe.1
doc/ffserver.1
doc/ffmpeg-all.1
doc/ffprobe-all.1
doc/ffserver-all.1
doc/ffmpeg-utils.1
doc/ffmpeg-scaler.1
doc/ffmpeg-resampler.1
doc/ffmpeg-codecs.1
doc/ffmpeg-bitstream-filters.1
doc/ffmpeg-formats.1
doc/ffmpeg-protocols.1
doc/ffmpeg-devices.1
doc/ffmpeg-filters.1

TGT /usr/local/share/man/man3/

doc/libavutil.3
doc/libswscale.3
doc/libswresample.3
doc/libavcodec.3
doc/libavformat.3
doc/libavdevice.3
doc/libavfilter.3


TGT /usr/local/bin

ffmpeg
ffprobe
ffserver

TGT /usr/local/share/ffmpeg

presets/libvpx-1080p50_60.ffpreset
presets/libvpx-360p.ffpreset
presets/libvpx-1080p.ffpreset
presets/libvpx-720p50_60.ffpreset
presets/libvpx-720p.ffpreset
doc/ffprobe.xsd

TGT /usr/local/share/ffmpeg/examples/

doc/examples/transcoding.c
doc/examples/demuxing_decoding.c
doc/examples/filtering_video.c
doc/examples/muxing.c
doc/examples/filter_audio.c
doc/examples/resampling_audio.c
doc/examples/metadata.c
doc/examples/remuxing.c
doc/examples/filtering_audio.c
doc/examples/extract_mvs.c
doc/examples/decoding_encoding.c
doc/examples/avio_reading.c
doc/examples/transcode_aac.c
doc/examples/scaling_video.c
doc/examples/Makefile
doc/examples/README

TGT /usr/local/lib

libavdevice/libavdevice.a
libavfilter/libavfilter.a
libavformat/libavformat.a
libavcodec/libavcodec.a
libpostproc/libpostproc.a
libswresample/libswresample.a
libswscale/libswscale.a
libavutil/libavutil.a

TGT /usr/local/include/libavdevice

libavdevice/avdevice.h
libavdevice/version.h

TGT /usr/local/include/libavfilter

libavfilter/asrc_abuffer.h
libavfilter/avcodec.h
libavfilter/avfilter.h
libavfilter/avfiltergraph.h
libavfilter/buffersink.h
libavfilter/buffersrc.h
libavfilter/version.h
libavfilter/libavfilter.pc
libavformat/avformat.h
libavformat/avio.h
libavformat/version.h


TGT /usr/local/include/libavcodec

libavcodec/avcodec.h
libavcodec/avfft.h
libavcodec/dv_profile.h
libavcodec/dxva2.h
libavcodec/old_codec_ids.h
libavcodec/vaapi.h
libavcodec/vda.h
libavcodec/vdpau.h
libavcodec/version.h
libavcodec/vorbis_parser.h
libavcodec/xvmc.h

TGT /usr/local/include/libpostproc

libpostproc/postprocess.h
libpostproc/version.h


TGT /usr/local/include/libswresample

libswresample/swresample.h
libswresample/version.h

TGT /usr/local/include/libswscale

libswscale/swscale.h
libswscale/version.h

TGT /usr/local/include/libavutil

libavutil/adler32.h
libavutil/aes.h
libavutil/attributes.h
libavutil/audio_fifo.h
libavutil/audioconvert.h
libavutil/avassert.h
libavutil/avstring.h
libavutil/avutil.h
libavutil/base64.h
libavutil/blowfish.h
libavutil/bprint.h
libavutil/bswap.h
libavutil/buffer.h
libavutil/cast5.h
libavutil/camellia.h
libavutil/channel_layout.h
libavutil/common.h
libavutil/cpu.h
libavutil/crc.h
libavutil/display.h
libavutil/downmix_info.h
libavutil/error.h
libavutil/eval.h
libavutil/fifo.h
libavutil/file.h
libavutil/frame.h
libavutil/hash.h
libavutil/hmac.h
libavutil/imgutils.h
libavutil/intfloat.h
libavutil/intreadwrite.h
libavutil/lfg.h
libavutil/log.h
libavutil/macros.h
libavutil/mathematics.h
libavutil/md5.h
libavutil/mem.h
libavutil/motion_vector.h
libavutil/murmur3.h
libavutil/dict.h
libavutil/old_pix_fmts.h
libavutil/opt.h
libavutil/parseutils.h
libavutil/pixdesc.h
libavutil/pixelutils.h
libavutil/pixfmt.h
libavutil/random_seed.h
libavutil/replaygain.h
libavutil/rational.h
libavutil/ripemd.h
libavutil/samplefmt.h
libavutil/sha.h
libavutil/sha512.h
libavutil/stereo3d.h
libavutil/threadmessage.h
libavutil/time.h
libavutil/timecode.h
libavutil/timestamp.h
libavutil/version.h
libavutil/xtea.h
libavutil/lzo.h
libavutil/avconfig.h
libavutil/ffversion.h

TGT /usr/local/lib/pkgconfig/

libavdevice/libavdevice.pc
libavutil/libavutil.pc
libavformat/libavformat.pc
libavcodec/libavcodec.pc
libpostproc/libpostproc.pc
libswresample/libswresample.pc
libswscale/libswscale.pc


